<?xml version="1.0" encoding="UTF-8"?>
<testsuite xmlns:xsi="http://www.w3.org/2001/XMLSchema-instance" xsi:noNamespaceSchemaLocation="https://maven.apache.org/surefire/maven-surefire-plugin/xsd/surefire-test-report.xsd" name="com.project.app.AppTest" time="0.038" tests="1" errors="0" skipped="0" failures="0">
  <properties>
    <property name="java.specification.version" value="17"/>
    <property name="sun.cpu.isalist" value="amd64"/>
    <property name="sun.jnu.encoding" value="Cp1252"/>
    <property name="java.class.path" value="G:\Jenkins Projects\my-project\target\test-classes;G:\Jenkins Projects\my-project\target\classes;C:\Users\spide\.m2\repository\junit\junit\4.11\junit-4.11.jar;C:\Users\spide\.m2\repository\org\hamcrest\hamcrest-core\1.3\hamcrest-core-1.3.jar;C:\Users\spide\.m2\repository\jakarta\servlet\jakarta.servlet-api\6.0.0\jakarta.servlet-api-6.0.0.jar;"/>
    <property name="java.vm.vendor" value="Oracle Corporation"/>
    <property name="sun.arch.data.model" value="64"/>
    <property name="user.variant" value=""/>
    <property name="java.vendor.url" value="https://java.oracle.com/"/>
    <property name="user.timezone" value="Asia/Calcutta"/>
    <property name="os.name" value="Windows 11"/>
    <property name="java.vm.specification.version" value="17"/>
    <property name="sun.java.launcher" value="SUN_STANDARD"/>
    <property name="user.country" value="IN"/>
    <property name="sun.boot.library.path" value="C:\Program Files\Java\jdk-17\bin"/>
    <property name="sun.java.command" value="C:\Users\spide\AppData\Local\Temp\surefire14280847924963139833\surefirebooter18025308711803624874.jar C:\Users\spide\AppData\Local\Temp\surefire14280847924963139833 2024-06-25T16-12-38_058-jvmRun1 surefire12195827766484219462tmp surefire_01375498163774577356tmp"/>
    <property name="jdk.debug" value="release"/>
    <property name="surefire.test.class.path" value="G:\Jenkins Projects\my-project\target\test-classes;G:\Jenkins Projects\my-project\target\classes;C:\Users\spide\.m2\repository\junit\junit\4.11\junit-4.11.jar;C:\Users\spide\.m2\repository\org\hamcrest\hamcrest-core\1.3\hamcrest-core-1.3.jar;C:\Users\spide\.m2\repository\jakarta\servlet\jakarta.servlet-api\6.0.0\jakarta.servlet-api-6.0.0.jar;"/>
    <property name="sun.cpu.endian" value="little"/>
    <property name="user.home" value="C:\Users\spide"/>
    <property name="user.language" value="en"/>
    <property name="java.specification.vendor" value="Oracle Corporation"/>
    <property name="java.version.date" value="2023-07-18"/>
    <property name="java.home" value="C:\Program Files\Java\jdk-17"/>
    <property name="file.separator" value="\"/>
    <property name="basedir" value="G:\Jenkins Projects\my-project"/>
    <property name="java.vm.compressedOopsMode" value="Zero based"/>
    <property name="line.separator" value="&#10;"/>
    <property name="java.vm.specification.vendor" value="Oracle Corporation"/>
    <property name="java.specification.name" value="Java Platform API Specification"/>
    <property name="surefire.real.class.path" value="C:\Users\spide\AppData\Local\Temp\surefire14280847924963139833\surefirebooter18025308711803624874.jar"/>
    <property name="user.script" value=""/>
    <property name="sun.management.compiler" value="HotSpot 64-Bit Tiered Compilers"/>
    <property name="java.runtime.version" value="17.0.8+9-LTS-211"/>
    <property name="user.name" value="lonley_programmer"/>
    <property name="path.separator" value=";"/>
    <property name="os.version" value="10.0"/>
    <property name="java.runtime.name" value="Java(TM) SE Runtime Environment"/>
    <property name="file.encoding" value="Cp1252"/>
    <property name="java.vm.name" value="Java HotSpot(TM) 64-Bit Server VM"/>
    <property name="localRepository" value="C:\Users\spide\.m2\repository"/>
    <property name="java.vendor.url.bug" value="https://bugreport.java.com/bugreport/"/>
    <property name="java.io.tmpdir" value="C:\Users\spide\AppData\Local\Temp\"/>
    <property name="java.version" value="17.0.8"/>
    <property name="user.dir" value="G:\Jenkins Projects\my-project"/>
    <property name="os.arch" value="amd64"/>
    <property name="java.vm.specification.name" value="Java Virtual Machine Specification"/>
    <property name="sun.os.patch.level" value=""/>
    <property name="native.encoding" value="Cp1252"/>
    <property name="java.library.path" value="C:\Program Files\Java\jdk-17\bin;C:\windows\Sun\Java\bin;C:\windows\system32;C:\windows;C:\Program Files (x86)\VMware\VMware Workstation\bin\;C:\Program Files\Common Files\Oracle\Java\javapath;C:\Program Files (x86)\Common Files\Intel\Shared Libraries\redist\intel64\compiler;C:\Windows\system32;C:\Windows;C:\Windows\System32\Wbem;C:\Windows\System32\WindowsPowerShell\v1.0\;C:\Windows\System32\OpenSSH\;C:\Program Files\dotnet\;C:\Program Files\nodejs\;C:\Program Files\Docker\Docker\resources\bin;C:\Users\spide\.spotdl\ffmpeg.exe;C:\Users\spide\AppData\Local\Programs\Python\Python311\Scripts\;C:\Users\spide\AppData\Local\Programs\Python\Python311\;C:\Users\spide\AppData\Local\Microsoft\WindowsApps;C:\Flutter 3.19.3;C:\Flutter 3.19.3\bin;C:\Program Files\Git;C:\Program Files\Git\bin;C:\Program Files\Git\cmd;C:\Program Files\Java\jdk-18.0.2.1\bin;C:\Users\spide\AppData\Roaming\npm;C:\Windows\System32;C:\Users\spide\AppData\Local\Pub\Cache\bin;C:\Users\spide\AppData\Local\Programs\Microsoft VS Code\bin;C:\Program Files (x86)\MediaInfo_CLI_23.04_Windows_x64;C:\Users\spide\AppData\Local\Android\Sdk\c;C:\mongosh\bin;C:\Program Files\MATLAB\R2013a\runtime\win64;C:\Program Files\MATLAB\R2013a\bin;C:\Program Files\CMake\bin;c:\Users\spide\AppData\Local\Programs\cursor\resources\app\bin;C:\Program Files (x86)\QuickTime\QTSystem\;C:\Windows\System32;C:\Users\spide\AppData\Local\Programs\Python\Python311\Scripts\;C:\Users\spide\AppData\Local\Programs\Python\Python311\;C:\Users\spide\AppData\Local\Microsoft\WindowsApps;C:\Flutter 3.19.3;C:\Flutter 3.19.3\bin;C:\Flutter 3.19.3\.git;C:\Program Files\Git\cmd;C:\Program Files\Git\bin;C:\Program Files\Java\jdk-18.0.2.1\bin;C:\Users\spide\AppData\Roaming\npm;C:\Users\spide\AppData\Local\Pub\Cache\bin;C:\Users\spide\AppData\Local\Programs\Microsoft VS Code\bin;C:\Program Files (x86)\MediaInfo_CLI_23.04_Windows_x64;C:\Users\spide\AppData\Local\Android\Sdk\cmdline-tools\bin;C:\Program Files\JetBrains\PyCharm Community Edition 2023.1.3\bin;;C:\Users\spide\.dotnet\tools;C:\Users\spide\AppData\Local\GitHubDesktop\bin;C:\apache-maven-3.9.6\bin;C:\Gradle\gradle-8.5-bin\gradle-8.5\bin;;."/>
    <property name="java.vm.info" value="mixed mode, sharing"/>
    <property name="java.vendor" value="Oracle Corporation"/>
    <property name="java.vm.version" value="17.0.8+9-LTS-211"/>
    <property name="sun.io.unicode.encoding" value="UnicodeLittle"/>
    <property name="java.class.version" value="61.0"/>
  </properties>
  <testcase name="shouldAnswerWithTrue" classname="com.project.app.AppTest" time="0"/>
</testsuite>